[    0.000000] Linux version 4.15.0-65-generic (buildd@lgw01-amd64-006) (gcc version 7.4.0 (Ubuntu 7.4.0-1ubuntu1~18.04.1)) #74-Ubuntu SMP Tue Sep 17 17:06:04 UTC 2019 (Ubuntu 4.15.0-65.74-generic 4.15.18)
[    0.000000] Command line: BOOT_IMAGE=/boot/vmlinuz-4.15.0-65-generic root=LABEL=cloudimg-rootfs ro console=tty1 console=ttyS0
[    0.000000] KERNEL supported cpus:
[    0.000000]   Intel GenuineIntel
[    0.000000]   AMD AuthenticAMD
[    0.000000]   Centaur CentaurHauls
[    0.000000] [Firmware Bug]: TSC doesn't count with P0 frequency!
[    0.000000] random: get_random_u32 called from bsp_init_amd+0x207/0x2c0 with crng_init=0
[    0.000000] x86/fpu: Supporting XSAVE feature 0x001: 'x87 floating point registers'
[    0.000000] x86/fpu: Supporting XSAVE feature 0x002: 'SSE registers'
[    0.000000] x86/fpu: Supporting XSAVE feature 0x004: 'AVX registers'
[    0.000000] x86/fpu: xstate_offset[2]:  576, xstate_sizes[2]:  256
[    0.000000] x86/fpu: Enabled xstate features 0x7, context size is 832 bytes, using 'standard' format.
[    0.000000] e820: BIOS-provided physical RAM map:
[    0.000000] BIOS-e820: [mem 0x0000000000000000-0x000000000009fbff] usable
[    0.000000] BIOS-e820: [mem 0x000000000009fc00-0x000000000009ffff] reserved
[    0.000000] BIOS-e820: [mem 0x00000000000f0000-0x00000000000fffff] reserved
[    0.000000] BIOS-e820: [mem 0x0000000000100000-0x000000003ffeffff] usable
[    0.000000] BIOS-e820: [mem 0x000000003fff0000-0x000000003fffffff] ACPI data
[    0.000000] BIOS-e820: [mem 0x00000000fec00000-0x00000000fec00fff] reserved
[    0.000000] BIOS-e820: [mem 0x00000000fee00000-0x00000000fee00fff] reserved
[    0.000000] BIOS-e820: [mem 0x00000000fffc0000-0x00000000ffffffff] reserved
[    0.000000] NX (Execute Disable) protection: active
[    0.000000] SMBIOS 2.5 present.
[    0.000000] DMI: innotek GmbH VirtualBox/VirtualBox, BIOS VirtualBox 12/01/2006
[    0.000000] Hypervisor detected: KVM
[    0.000000] e820: last_pfn = 0x3fff0 max_arch_pfn = 0x400000000
[    0.000000] MTRR: Disabled
[    0.000000] x86/PAT: MTRRs disabled, skipping PAT initialization too.
[    0.000000] CPU MTRRs all blank - virtualized system.
[    0.000000] x86/PAT: Configuration [0-7]: WB  WT  UC- UC  WB  WT  UC- UC  
[    0.000000] found SMP MP-table at [mem 0x0009fff0-0x0009ffff]
[    0.000000] Scanning 1 areas for low memory corruption
[    0.000000] RAMDISK: [mem 0x35a8d000-0x36d3dfff]
[    0.000000] ACPI: Early table checksum verification disabled
[    0.000000] ACPI: RSDP 0x00000000000E0000 000024 (v02 VBOX  )
[    0.000000] ACPI: XSDT 0x000000003FFF0030 00003C (v01 VBOX   VBOXXSDT 00000001 ASL  00000061)
[    0.000000] ACPI: FACP 0x000000003FFF00F0 0000F4 (v04 VBOX   VBOXFACP 00000001 ASL  00000061)
[    0.000000] ACPI: DSDT 0x000000003FFF0470 0022EA (v02 VBOX   VBOXBIOS 00000002 INTL 20100528)
[    0.000000] ACPI: FACS 0x000000003FFF0200 000040
[    0.000000] ACPI: FACS 0x000000003FFF0200 000040
[    0.000000] ACPI: APIC 0x000000003FFF0240 00005C (v02 VBOX   VBOXAPIC 00000001 ASL  00000061)
[    0.000000] ACPI: SSDT 0x000000003FFF02A0 0001CC (v01 VBOX   VBOXCPUT 00000002 INTL 20100528)
[    0.000000] No NUMA configuration found
[    0.000000] Faking a node at [mem 0x0000000000000000-0x000000003ffeffff]
[    0.000000] NODE_DATA(0) allocated [mem 0x3ffc5000-0x3ffeffff]
[    0.000000] kvm-clock: cpu 0, msr 0:3ff44001, primary cpu clock
[    0.000000] kvm-clock: Using msrs 4b564d01 and 4b564d00
[    0.000000] kvm-clock: using sched offset of 7093369690 cycles
[    0.000000] clocksource: kvm-clock: mask: 0xffffffffffffffff max_cycles: 0x1cd42e4dffb, max_idle_ns: 881590591483 ns
[    0.000000] Zone ranges:
[    0.000000]   DMA      [mem 0x0000000000001000-0x0000000000ffffff]
[    0.000000]   DMA32    [mem 0x0000000001000000-0x000000003ffeffff]
[    0.000000]   Normal   empty
[    0.000000]   Device   empty
[    0.000000] Movable zone start for each node
[    0.000000] Early memory node ranges
[    0.000000]   node   0: [mem 0x0000000000001000-0x000000000009efff]
[    0.000000]   node   0: [mem 0x0000000000100000-0x000000003ffeffff]
[    0.000000] Reserved but unavailable: 98 pages
[    0.000000] Initmem setup node 0 [mem 0x0000000000001000-0x000000003ffeffff]
[    0.000000] ACPI: PM-Timer IO Port: 0x4008
[    0.000000] IOAPIC[0]: apic_id 2, version 32, address 0xfec00000, GSI 0-23
[    0.000000] ACPI: INT_SRC_OVR (bus 0 bus_irq 0 global_irq 2 dfl dfl)
[    0.000000] ACPI: INT_SRC_OVR (bus 0 bus_irq 9 global_irq 9 low level)
[    0.000000] Using ACPI (MADT) for SMP configuration information
[    0.000000] smpboot: Allowing 2 CPUs, 0 hotplug CPUs
[    0.000000] PM: Registered nosave memory: [mem 0x00000000-0x00000fff]
[    0.000000] PM: Registered nosave memory: [mem 0x0009f000-0x0009ffff]
[    0.000000] PM: Registered nosave memory: [mem 0x000a0000-0x000effff]
[    0.000000] PM: Registered nosave memory: [mem 0x000f0000-0x000fffff]
[    0.000000] e820: [mem 0x40000000-0xfebfffff] available for PCI devices
[    0.000000] Booting paravirtualized kernel on KVM
[    0.000000] clocksource: refined-jiffies: mask: 0xffffffff max_cycles: 0xffffffff, max_idle_ns: 7645519600211568 ns
[    0.000000] setup_percpu: NR_CPUS:8192 nr_cpumask_bits:2 nr_cpu_ids:2 nr_node_ids:1
[    0.000000] percpu: Embedded 46 pages/cpu s151552 r8192 d28672 u1048576
[    0.000000] PV qspinlock hash table entries: 256 (order: 0, 4096 bytes)
[    0.000000] Built 1 zonelists, mobility grouping on.  Total pages: 257913
[    0.000000] Policy zone: DMA32
[    0.000000] Kernel command line: BOOT_IMAGE=/boot/vmlinuz-4.15.0-65-generic root=LABEL=cloudimg-rootfs ro console=tty1 console=ttyS0
[    0.000000] Memory: 983440K/1048120K available (12300K kernel code, 2481K rwdata, 4256K rodata, 2436K init, 2388K bss, 64680K reserved, 0K cma-reserved)
[    0.000000] SLUB: HWalign=64, Order=0-3, MinObjects=0, CPUs=2, Nodes=1
[    0.000000] ftrace: allocating 39301 entries in 154 pages
[    0.004000] Hierarchical RCU implementation.
[    0.004000] 	RCU restricting CPUs from NR_CPUS=8192 to nr_cpu_ids=2.
[    0.004000] 	Tasks RCU enabled.
[    0.004000] RCU: Adjusting geometry for rcu_fanout_leaf=16, nr_cpu_ids=2
[    0.004000] NR_IRQS: 524544, nr_irqs: 440, preallocated irqs: 16
[    0.004000] Console: colour VGA+ 80x25
[    0.004000] console [tty1] enabled
[    0.004000] console [ttyS0] enabled
[    0.004000] ACPI: Core revision 20170831
[    0.004000] ACPI: 2 ACPI AML tables successfully acquired and loaded
[    0.004000] APIC: Switch to symmetric I/O mode setup
[    0.004000] x2apic enabled
[    0.004000] Switched APIC routing to physical x2apic.
[    0.004000] ..TIMER: vector=0x30 apic1=0 pin1=2 apic2=-1 pin2=-1
[    0.004000] tsc: Detected 2096.196 MHz processor
[    0.004000] Calibrating delay loop (skipped) preset value.. 4192.39 BogoMIPS (lpj=8384784)
[    0.004000] pid_max: default: 32768 minimum: 301
[    0.004000] Security Framework initialized
[    0.004000] Yama: becoming mindful.
[    0.004000] AppArmor: AppArmor initialized
[    0.004000] Dentry cache hash table entries: 131072 (order: 8, 1048576 bytes)
[    0.004000] Inode-cache hash table entries: 65536 (order: 7, 524288 bytes)
[    0.004000] Mount-cache hash table entries: 2048 (order: 2, 16384 bytes)
[    0.004000] Mountpoint-cache hash table entries: 2048 (order: 2, 16384 bytes)
[    0.008098] Last level iTLB entries: 4KB 512, 2MB 1024, 4MB 512
[    0.012008] Last level dTLB entries: 4KB 1024, 2MB 1024, 4MB 512, 1GB 0
[    0.016008] Spectre V1 : Mitigation: usercopy/swapgs barriers and __user pointer sanitization
[    0.020009] Spectre V2 : Spectre mitigation: LFENCE not serializing, switching to generic retpoline
[    0.024007] Spectre V2 : Mitigation: Full generic retpoline
[    0.028006] Spectre V2 : Spectre v2 / SpectreRSB mitigation: Filling RSB on context switch
[    0.032008] Speculative Store Bypass: Mitigation: Speculative Store Bypass disabled via prctl and seccomp
[    0.036433] Freeing SMP alternatives memory: 36K
[    0.164468] APIC calibration not consistent with PM-Timer: 117ms instead of 100ms
[    0.168000] APIC delta adjusted to PM-Timer: 6390129 (7479894)
[    0.168158] smpboot: CPU0: AMD A6-4455M APU with Radeon(tm) HD Graphics (family: 0x15, model: 0x10, stepping: 0x1)
[    0.172297] Performance Events: PMU not available due to virtualization, using software events only.
[    0.176177] Hierarchical SRCU implementation.
[    0.180748] NMI watchdog: Perf event create on CPU 0 failed with -2
[    0.184010] NMI watchdog: Perf NMI watchdog permanently disabled
[    0.187347] smp: Bringing up secondary CPUs ...
[    0.188320] x86: Booting SMP configuration:
[    0.192007] .... node  #0, CPUs:      #1
[    0.004000] kvm-clock: cpu 1, msr 0:3ff44041, secondary cpu clock
[    0.212325] smp: Brought up 1 node, 2 CPUs
[    0.214552] smpboot: Max logical packages: 1
[    0.216022] smpboot: Total of 2 processors activated (8384.78 BogoMIPS)
[    0.220144] devtmpfs: initialized
[    0.221975] x86/mm: Memory block size: 128MB
[    0.224170] evm: security.selinux
[    0.225990] evm: security.SMACK64
[    0.227748] evm: security.SMACK64EXEC
[    0.228011] evm: security.SMACK64TRANSMUTE
[    0.230202] evm: security.SMACK64MMAP
[    0.232010] evm: security.apparmor
[    0.233885] evm: security.ima
[    0.236008] evm: security.capability
[    0.238103] clocksource: jiffies: mask: 0xffffffff max_cycles: 0xffffffff, max_idle_ns: 7645041785100000 ns
[    0.240043] futex hash table entries: 512 (order: 3, 32768 bytes)
[    0.248506] pinctrl core: initialized pinctrl subsystem
[    0.252058] RTC time: 19:14:47, date: 10/14/19
[    0.256083] NET: Registered protocol family 16
[    0.258922] audit: initializing netlink subsys (disabled)
[    0.260088] audit: type=2000 audit(1571080495.686:1): state=initialized audit_enabled=0 res=1
[    0.264027] cpuidle: using governor ladder
[    0.268031] cpuidle: using governor menu
[    0.270967] ACPI: bus type PCI registered
[    0.270967] acpiphp: ACPI Hot Plug PCI Controller Driver version: 0.5
[    0.276251] PCI: Using configuration type 1 for base access
[    0.280005] PCI: Using configuration type 1 for extended access
[    0.288132] HugeTLB registered 2.00 MiB page size, pre-allocated 0 pages
[    0.292220] ACPI: Added _OSI(Module Device)
[    0.294280] ACPI: Added _OSI(Processor Device)
[    0.296008] ACPI: Added _OSI(3.0 _SCP Extensions)
[    0.298399] ACPI: Added _OSI(Processor Aggregator Device)
[    0.300009] ACPI: Added _OSI(Linux-Dell-Video)
[    0.302242] ACPI: Added _OSI(Linux-Lenovo-NV-HDMI-Audio)
[    0.304011] ACPI: Added _OSI(Linux-HPI-Hybrid-Graphics)
[    0.308734] ACPI: Executed 1 blocks of module-level executable AML code
[    0.319333] ACPI: Interpreter enabled
[    0.320032] ACPI: (supports S0 S5)
[    0.321793] ACPI: Using IOAPIC for interrupt routing
[    0.324535] PCI: Using host bridge windows from ACPI; if necessary, use "pci=nocrs" and report a bug
[    0.328389] ACPI: Enabled 2 GPEs in block 00 to 07
[    0.344000] ACPI: PCI Root Bridge [PCI0] (domain 0000 [bus 00-ff])
[    0.344019] acpi PNP0A03:00: _OSC: OS supports [ExtendedConfig ASPM ClockPM Segments MSI]
[    0.353339] acpi PNP0A03:00: _OSC: platform does not support [PCIeCapability]
[    0.357127] acpi PNP0A03:00: _OSC: not requesting control; platform does not support [PCIeCapability]
[    0.360011] acpi PNP0A03:00: _OSC: OS requested [PCIeHotplug PME AER PCIeCapability]
[    0.364008] acpi PNP0A03:00: _OSC: platform willing to grant [PCIeHotplug PME AER]
[    0.368008] acpi PNP0A03:00: _OSC failed (AE_SUPPORT); disabling ASPM
[    0.372000] PCI host bridge to bus 0000:00
[    0.372012] pci_bus 0000:00: root bus resource [io  0x0000-0x0cf7 window]
[    0.376008] pci_bus 0000:00: root bus resource [io  0x0d00-0xffff window]
[    0.380009] pci_bus 0000:00: root bus resource [mem 0x000a0000-0x000bffff window]
[    0.383666] pci_bus 0000:00: root bus resource [mem 0x40000000-0xfdffffff window]
[    0.384009] pci_bus 0000:00: root bus resource [bus 00-ff]
[    0.394321] pci 0000:00:01.1: legacy IDE quirk: reg 0x10: [io  0x01f0-0x01f7]
[    0.396008] pci 0000:00:01.1: legacy IDE quirk: reg 0x14: [io  0x03f6]
[    0.399181] pci 0000:00:01.1: legacy IDE quirk: reg 0x18: [io  0x0170-0x0177]
[    0.400009] pci 0000:00:01.1: legacy IDE quirk: reg 0x1c: [io  0x0376]
[    0.456752] pci 0000:00:07.0: quirk: [io  0x4000-0x403f] claimed by PIIX4 ACPI
[    0.460000] pci 0000:00:07.0: quirk: [io  0x4100-0x410f] claimed by PIIX4 SMB
[    0.482146] ACPI: PCI Interrupt Link [LNKA] (IRQs 5 9 10 *11)
[    0.484753] ACPI: PCI Interrupt Link [LNKB] (IRQs 5 9 *10 11)
[    0.487889] ACPI: PCI Interrupt Link [LNKC] (IRQs 5 *9 10 11)
[    0.488287] ACPI: PCI Interrupt Link [LNKD] (IRQs 5 9 10 *11)
[    0.492999] SCSI subsystem initialized
[    0.496187] pci 0000:00:02.0: vgaarb: setting as boot VGA device
[    0.498955] pci 0000:00:02.0: vgaarb: VGA device added: decodes=io+mem,owns=io+mem,locks=none
[    0.500012] pci 0000:00:02.0: vgaarb: bridge control possible
[    0.504006] vgaarb: loaded
[    0.505554] ACPI: bus type USB registered
[    0.508059] usbcore: registered new interface driver usbfs
[    0.510677] usbcore: registered new interface driver hub
[    0.512060] usbcore: registered new device driver usb
[    0.516064] EDAC MC: Ver: 3.0.0
[    0.518329] PCI: Using ACPI for IRQ routing
[    0.520675] NetLabel: Initializing
[    0.522558] NetLabel:  domain hash size = 128
[    0.524006] NetLabel:  protocols = UNLABELED CIPSOv4 CALIPSO
[    0.526722] NetLabel:  unlabeled traffic allowed by default
[    0.528188] clocksource: Switched to clocksource kvm-clock
[    0.563540] VFS: Disk quotas dquot_6.6.0
[    0.565848] VFS: Dquot-cache hash table entries: 512 (order 0, 4096 bytes)
[    0.567378] AppArmor: AppArmor Filesystem Enabled
[    0.567378] pnp: PnP ACPI init
[    0.567378] pnp: PnP ACPI: found 3 devices
[    0.595248] clocksource: acpi_pm: mask: 0xffffff max_cycles: 0xffffff, max_idle_ns: 2085701024 ns
[    0.596212] NET: Registered protocol family 2
[    0.602282] TCP established hash table entries: 8192 (order: 4, 65536 bytes)
[    0.607668] TCP bind hash table entries: 8192 (order: 5, 131072 bytes)
[    0.609768] TCP: Hash tables configured (established 8192 bind 8192)
[    0.609768] UDP hash table entries: 512 (order: 2, 16384 bytes)
[    0.609768] UDP-Lite hash table entries: 512 (order: 2, 16384 bytes)
[    0.609768] NET: Registered protocol family 1
[    0.609768] pci 0000:00:00.0: Limiting direct PCI/PCI transfers
[    0.609768] pci 0000:00:01.0: Activating ISA DMA hang workarounds
[    0.609768] pci 0000:00:02.0: Video device with shadowed ROM at [mem 0x000c0000-0x000dffff]
[    0.609768] Unpacking initramfs...
[    1.200221] Freeing initrd memory: 19140K
[    1.208587] clocksource: tsc: mask: 0xffffffffffffffff max_cycles: 0x1e3726e6991, max_idle_ns: 440795245610 ns
[    1.213844] platform rtc_cmos: registered platform RTC device (no PNP device found)
[    1.217887] Scanning for low memory corruption every 60 seconds
[    1.223236] Initialise system trusted keyrings
[    1.225625] Key type blacklist registered
[    1.227886] workingset: timestamp_bits=36 max_order=18 bucket_order=0
[    1.234076] zbud: loaded
[    1.236968] squashfs: version 4.0 (2009/01/31) Phillip Lougher
[    1.240599] fuse init (API version 7.26)
[    1.252649] Key type asymmetric registered
[    1.254956] Asymmetric key parser 'x509' registered
[    1.257707] Block layer SCSI generic (bsg) driver version 0.4 loaded (major 246)
[    1.261763] io scheduler noop registered
[    1.263813] io scheduler deadline registered
[    1.266460] io scheduler cfq registered (default)
[    1.269810] ACPI: AC Adapter [AC] (on-line)
[    1.272011] input: Power Button as /devices/LNXSYSTM:00/LNXPWRBN:00/input/input0
[    1.276169] ACPI: Power Button [PWRF]
[    1.278386] input: Sleep Button as /devices/LNXSYSTM:00/LNXSLPBN:00/input/input1
[    1.282706] ACPI: Sleep Button [SLPF]
[    1.285787] Serial: 8250/16550 driver, 32 ports, IRQ sharing enabled
[    1.289032] ACPI: Battery Slot [BAT0] (battery present)
[    1.317069] 00:02: ttyS0 at I/O 0x3f8 (irq = 4, base_baud = 115200) is a 16550A
[    1.331321] Linux agpgart interface v0.103
[    1.337215] loop: module loaded
[    1.340402] scsi host0: ata_piix
[    1.342509] scsi host1: ata_piix
[    1.344254] ata1: PATA max UDMA/33 cmd 0x1f0 ctl 0x3f6 bmdma 0xd000 irq 14
[    1.348682] ata2: PATA max UDMA/33 cmd 0x170 ctl 0x376 bmdma 0xd008 irq 15
[    1.353566] libphy: Fixed MDIO Bus: probed
[    1.355613] tun: Universal TUN/TAP device driver, 1.6
[    1.358341] PPP generic driver version 2.4.2
[    1.361375] ehci_hcd: USB 2.0 'Enhanced' Host Controller (EHCI) Driver
[    1.368064] ehci-pci: EHCI PCI platform driver
[    1.370909] ehci-platform: EHCI generic platform driver
[    1.376066] ohci_hcd: USB 1.1 'Open' Host Controller (OHCI) Driver
[    1.381895] ohci-pci: OHCI PCI platform driver
[    1.386108] ohci-platform: OHCI generic platform driver
[    1.390024] uhci_hcd: USB Universal Host Controller Interface driver
[    1.397541] i8042: PNP: PS/2 Controller [PNP0303:PS2K,PNP0f03:PS2M] at 0x60,0x64 irq 1,12
[    1.406326] serio: i8042 KBD port at 0x60,0x64 irq 1
[    1.408793] serio: i8042 AUX port at 0x60,0x64 irq 12
[    1.418061] mousedev: PS/2 mouse device common for all mice
[    1.439285] input: AT Translated Set 2 keyboard as /devices/platform/i8042/serio0/input/input2
[    1.440787] rtc_cmos rtc_cmos: rtc core: registered rtc_cmos as rtc0
[    1.453840] rtc_cmos rtc_cmos: alarms up to one day, 114 bytes nvram
[    1.457080] i2c /dev entries driver
[    1.460475] device-mapper: uevent: version 1.0.3
[    1.464898] device-mapper: ioctl: 4.37.0-ioctl (2017-09-20) initialised: dm-devel@redhat.com
[    1.469526] ledtrig-cpu: registered to indicate activity on CPUs
[    1.474049] x86/pm: family 0x15 cpu detected, MSR saving is needed during suspending.
[    1.478636] NET: Registered protocol family 10
[    1.505075] Segment Routing with IPv6
[    1.507033] NET: Registered protocol family 17
[    1.511322] Key type dns_resolver registered
[    1.514837] mce: Using 0 MCE banks
[    1.516771] RAS: Correctable Errors collector initialized.
[    1.519443] sched_clock: Marking stable (1516706895, 0)->(1979454233, -462747338)
[    1.524927] registered taskstats version 1
[    1.527141] Loading compiled-in X.509 certificates
[    1.535659] Loaded X.509 cert 'Build time autogenerated kernel key: 3a65b6a3c8b5d6b297d77c25be9161529933bc49'
[    1.540796] zswap: loaded using pool lzo/zbud
[    1.553217] Key type big_key registered
[    1.555236] Key type trusted registered
[    1.562288] Key type encrypted registered
[    1.564404] AppArmor: AppArmor sha1 policy hashing enabled
[    1.567268] ima: No TPM chip found, activating TPM-bypass! (rc=-19)
[    1.570240] ima: Allocated hash algorithm: sha1
[    1.572826] evm: HMAC attrs: 0x1
[    1.575171]   Magic number: 7:261:243
[    1.577277] rtc_cmos rtc_cmos: setting system clock to 2019-10-14 19:14:49 UTC (1571080489)
[    1.581567] BIOS EDD facility v0.16 2004-Jun-25, 0 devices found
[    1.584464] EDD information not available.
[    1.592942] Freeing unused kernel image memory: 2436K
[    1.608269] Write protecting the kernel read-only data: 20480k
[    1.612716] Freeing unused kernel image memory: 2008K
[    1.616756] Freeing unused kernel image memory: 1888K
[    1.636050] x86/mm: Checked W+X mappings: passed, no W+X pages found.
Loading, please wait...
starting version 237
[    1.808043] Fusion MPT base driver 3.04.20
[    1.808045] e1000: Intel(R) PRO/1000 Network Driver - version 7.3.21-k8-NAPI
[    1.808049] e1000: Copyright (c) 1999-2006 Intel Corporation.
[    1.811644] Copyright (c) 1999-2008 LSI Corporation
[    1.864705] Fusion MPT SPI Host driver 3.04.20
[    1.898852] AVX version of gcm_enc/dec engaged.
[    1.903369] AES CTR mode by8 optimization enabled
[    2.048318] input: ImExPS/2 Generic Explorer Mouse as /devices/platform/i8042/serio1/input/input4
[    2.405055] e1000 0000:00:03.0 eth0: (PCI:33MHz:32-bit) 02:2b:96:53:67:6c
[    2.408411] e1000 0000:00:03.0 eth0: Intel(R) PRO/1000 Network Connection
[    2.415527] mptbase: ioc0: Initiating bringup
[    2.418883] e1000 0000:00:03.0 enp0s3: renamed from eth0
[    3.373173] ioc0: LSI53C1030 A0: Capabilities={Initiator}
[    3.616838] scsi host2: ioc0: LSI53C1030 A0, FwRev=00000000h, Ports=1, MaxQ=256, IRQ=20
[    4.413631] scsi 2:0:0:0: Direct-Access     VBOX     HARDDISK         1.0  PQ: 0 ANSI: 5
[    4.448723] scsi target2:0:0: Beginning Domain Validation
[    4.453417] scsi target2:0:0: Domain Validation skipping write tests
[    4.456331] scsi target2:0:0: Ending Domain Validation
[    4.459033] scsi target2:0:0: asynchronous
[    4.462017] scsi 2:0:1:0: Direct-Access     VBOX     HARDDISK         1.0  PQ: 0 ANSI: 5
[    4.508308] scsi target2:0:1: Beginning Domain Validation
[    4.512297] random: fast init done
[    4.515718] scsi target2:0:1: Domain Validation skipping write tests
[    4.518878] scsi target2:0:1: Ending Domain Validation
[    4.521593] scsi target2:0:1: asynchronous
[    4.533056] random: systemd-udevd: uninitialized urandom read (16 bytes read)
[    4.536952] random: systemd-udevd: uninitialized urandom read (16 bytes read)
[    4.540490] random: systemd-udevd: uninitialized urandom read (16 bytes read)
[    4.540618] sd 2:0:0:0: Attached scsi generic sg0 type 0
[    4.556370] sd 2:0:0:0: [sda] 20971520 512-byte logical blocks: (10.7 GB/10.0 GiB)
[    4.570876] sd 2:0:0:0: [sda] Write Protect is off
[    4.573028] sd 2:0:1:0: [sdb] 20480 512-byte logical blocks: (10.5 MB/10.0 MiB)
[    4.581330] sd 2:0:1:0: Attached scsi generic sg1 type 0
[    4.582606] sd 2:0:1:0: [sdb] Write Protect is off
[    4.587909] sd 2:0:0:0: [sda] Incomplete mode parameter data
[    4.589349] sd 2:0:1:0: [sdb] Incomplete mode parameter data
[    4.596917] sd 2:0:0:0: [sda] Assuming drive cache: write through
[    4.601612] sd 2:0:1:0: [sdb] Assuming drive cache: write through
[    4.664855]  sda: sda1
[    4.667587] sd 2:0:1:0: [sdb] Attached SCSI disk
[    4.672157] sd 2:0:0:0: [sda] Attached SCSI disk
Begin: Loading essential drivers ... [    7.824266] raid6: sse2x1   gen()  3125 MB/s
[    7.872088] raid6: sse2x1   xor()  2177 MB/s
[    7.921105] raid6: sse2x2   gen()  4161 MB/s
[    7.973661] raid6: sse2x2   xor()  3241 MB/s
[    8.020577] raid6: sse2x4   gen()  5107 MB/s
[    8.069315] raid6: sse2x4   xor()  3523 MB/s
[    8.071525] raid6: using algorithm sse2x4 gen() 5107 MB/s
[    8.074437] raid6: .... xor() 3523 MB/s, rmw enabled
[    8.076905] raid6: using ssse3x2 recovery algorithm
[    8.082052] xor: automatically using best checksumming function   avx       
[    8.089446] async_tx: api initialized (async)
done.
Begin: Running /scripts/init-premount ... done.
Begin: Mounting root file system ... Begin: Running /scripts/local-top ... done.
Begin: Running /scripts/local-premount ... [    8.201774] Btrfs loaded, crc32c=crc32c-intel
Scanning for Btrfs filesystems
done.
Warning: fsck not present, so skipping root file system
[    8.516054] EXT4-fs (sda1): mounted filesystem with ordered data mode. Opts: (null)
done.
Begin: Running /scripts/local-bottom ... done.
Begin: Running /scripts/init-bottom ... done.
[   10.348460] random: crng init done
[   10.351585] random: 7 urandom warning(s) missed due to ratelimiting
[   10.398114] ip_tables: (C) 2000-2006 Netfilter Core Team
[   10.540041] systemd[1]: systemd 237 running in system mode. (+PAM +AUDIT +SELINUX +IMA +APPARMOR +SMACK +SYSVINIT +UTMP +LIBCRYPTSETUP +GCRYPT +GNUTLS +ACL +XZ +LZ4 +SECCOMP +BLKID +ELFUTILS +KMOD -IDN2 +IDN -PCRE2 default-hierarchy=hybrid)
[   10.549680] systemd[1]: Detected virtualization oracle.
[   10.552105] systemd[1]: Detected architecture x86-64.

Welcome to [1mUbuntu 18.04.3 LTS[0m!

[   10.603021] systemd[1]: Set hostname to <ubuntu>.
[   10.686699] systemd[1]: Initializing machine ID from random generator.
[   10.689928] systemd[1]: Installed transient /etc/machine-id file.
[   13.375643] systemd[1]: Reached target User and Group Name Lookups.
[[0;32m  OK  [0m] Reached target User and Group Name Lookups.
[   13.387470] systemd[1]: Created slice User and Session Slice.
[[0;32m  OK  [0m] Created slice User and Session Slice.
[   13.397230] systemd[1]: Reached target System Time Synchronized.
[[0;32m  OK  [0m] Reached target System Time Synchronized.
[   13.405875] systemd[1]: Reached target Swap.
[[0;32m  OK  [0m] Reached target Swap.
[[0;32m  OK  [0m] Created slice System Slice.
[[0;32m  OK  [0m] Listening on Journal Socket (/dev/log).
[[0;32m  OK  [0m] Listening on /dev/initctl Compatibility Named Pipe.
[[0;32m  OK  [0m] Reached target Slices.
[[0;32m  OK  [0m] Listening on Journal Socket.
         Mounting Kernel Debug File System...
[[0;32m  OK  [0m] Listening on Journal Audit Socket.
[[0;32m  OK  [0m] Listening on udev Kernel Socket.
         Starting Load Kernel Modules...
         Mounting Huge Pages File System...
[[0;32m  OK  [0m] Listening on Syslog Socket.
[[0;32m  OK  [0m] Listening on Network Service Netlink Socket.
         Starting Remount Root and Kernel File Systems...
         Starting Create list of required st…ce nodes for the current kernel...
[[0;32m  OK  [0m] Listening on Device-mapper event daemon FIFOs.
[[0;32m  OK  [0m] Created slice system-serial\x2dgetty.slice.
[[0;32m  OK  [0m] Listening on udev Control Socket.
         Starting udev Coldplug all Devices...
[[0;32m  OK  [0m] Listening on LVM2 metadata daemon socket.
         Starting Monitoring of LVM2 mirrors…ng dmeventd or progress polling...
         Starting Journal Service...
         Starting Set the console keyboard layout...
[[0;32m  OK  [0m] Listening on LVM2 poll daemon socket.
[[0;32m  OK  [0m] Set up automount Arbitrary Executab…rmats File System Automount Point.
[   13.665059] Loading iSCSI transport class v2.0-870.
[   13.679300] iscsi: registered transport (tcp)
[   13.730569] EXT4-fs (sda1): re-mounted. Opts: (null)
         Mounting POSIX Message Queue File System...
         Starting Uncomplicated firewall...
[[0;32m  OK  [0m] Started Forward Password Requests to Wall Directory Watch.
[[0;32m  OK  [0m] Mounted Kernel Debug File System.
[[0;32m  OK  [0m] Mounted Huge Pages File System.
[[0;32m  OK  [0m] Started Remount Root and Kernel File Systems.
[[0;32m  OK  [0m] Started Create list of required sta…vice nodes for the current kernel.
[[0;32m  OK  [0m] Mounted POSIX Message Queue File System.
         Starting Create Static Device Nodes in /dev...
         Starting Load/Save Random Seed...
[[0;32m  OK  [0m] Started udev Coldplug all Devices.
[[0;32m  OK  [0m] Started Journal Service.
         Starting Flush Journal to Persistent Storage...
[[0;32m  OK  [0m] Started Uncomplicated firewall.
[   14.820722] systemd-journald[394]: Received request to flush runtime journal from PID 1
[[0;32m  OK  [0m] Started Load/Save Random Seed.
[[0;32m  OK  [0m] Started LVM2 metadata daemon.
[   15.238012] iscsi: registered transport (iser)
[[0;32m  OK  [0m] Started Load Kernel Modules.
         Mounting FUSE Control File System...
         Mounting Kernel Configuration File System...
         Starting Apply Kernel Variables...
[[0;32m  OK  [0m] Mounted FUSE Control File System.
[[0;32m  OK  [0m] Mounted Kernel Configuration File System.
[[0;32m  OK  [0m] Started Create Static Device Nodes in /dev.
         Starting udev Kernel Device Manager...
[[0;32m  OK  [0m] Started Flush Journal to Persistent Storage.
[[0;32m  OK  [0m] Started Monitoring of LVM2 mirrors,…sing dmeventd or progress polling.
[[0;32m  OK  [0m] Started Apply Kernel Variables.
[[0;32m  OK  [0m] Started udev Kernel Device Manager.
[[0;32m  OK  [0m] Found device /dev/ttyS0.
[[0;32m  OK  [0m] Listening on Load/Save RF Kill Switch Status /dev/rfkill Watch.
[[0;32m  OK  [0m] Started Set the console keyboard layout.
[[0;32m  OK  [0m] Reached target Local File Systems (Pre).
[[0;32m  OK  [0m] Reached target Local File Systems.
         Starting Create Volatile Files and Directories...
         Starting Commit a transient machine-id on disk...
         Starting Set console font and keymap...
         Starting AppArmor initialization...
         Starting Tell Plymouth To Write Out Runtime Data...
         Starting ebtables ruleset management...
[[0;32m  OK  [0m] Started Dispatch Password Requests to Console Directory Watch.
[[0;32m  OK  [0m] Reached target Local Encrypted Volumes.
[[0;32m  OK  [0m] Started Set console font and keymap.
[[0;32m  OK  [0m] Started Tell Plymouth To Write Out Runtime Data.
[[0;32m  OK  [0m] Started Create Volatile Files and Directories.
         Starting Update UTMP about System Boot/Shutdown...
[[0;32m  OK  [0m] Started Commit a transient machine-id on disk.
[[0;32m  OK  [0m] Started Update UTMP about System Boot/Shutdown.
[[0;32m  OK  [0m] Started ebtables ruleset management.
[[0;32m  OK  [0m] Started AppArmor initialization.
         Starting Initial cloud-init job (pre-networking)...
[   31.329242] cloud-init[658]: Cloud-init v. 19.2-36-g059d049c-0ubuntu2~18.04.1 running 'init-local' at Mon, 14 Oct 2019 19:15:17 +0000. Up 29.88 seconds.
[[0;32m  OK  [0m] Started Initial cloud-init job (pre-networking).
[[0;32m  OK  [0m] Reached target Network (Pre).
         Starting Network Service...
[[0;32m  OK  [0m] Started Network Service.
         Starting Network Name Resolution...
         Starting Wait for Network to be Configured...
[[0;32m  OK  [0m] Started Network Name Resolution.
[[0;32m  OK  [0m] Reached target Host and Network Name Lookups.
[[0;32m  OK  [0m] Reached target Network.
[[0;32m  OK  [0m] Started Wait for Network to be Configured.
         Starting Initial cloud-init job (metadata service crawler)...
[   35.164225] cloud-init[782]: Cloud-init v. 19.2-36-g059d049c-0ubuntu2~18.04.1 running 'init' at Mon, 14 Oct 2019 19:15:22 +0000. Up 34.73 seconds.
[   35.180800] cloud-init[782]: ci-info: ++++++++++++++++++++++++++++++++++++++Net device info++++++++++++++++++++++++++++++++++++++
[   35.185082] cloud-init[782]: ci-info: +--------+------+----------------------------+---------------+--------+-------------------+
[   35.200346] cloud-init[782]: ci-info: | Device |  Up  |          Address           |      Mask     | Scope  |     Hw-Address    |
[   35.204587] cloud-init[782]: ci-info: +--------+------+----------------------------+---------------+--------+-------------------+
[   35.208842] cloud-init[782]: ci-info: | enp0s3 | True |         10.0.2.15          | 255.255.255.0 | global | 02:2b:96:53:67:6c |
[   35.213115] cloud-init[782]: ci-info: | enp0s3 | True | fe80::2b:96ff:fe53:676c/64 |       .       |  link  | 02:2b:96:53:67:6c |
[   35.217742] cloud-init[782]: ci-info: |   lo   | True |         127.0.0.1          |   255.0.0.0   |  host  |         .         |
[   35.225486] cloud-init[782]: ci-info: |   lo   | True |          ::1/128           |       .       |  host  |         .         |
[   35.232009] cloud-init[782]: ci-info: +--------+------+----------------------------+---------------+--------+-------------------+
[   35.236510] cloud-init[782]: ci-info: ++++++++++++++++++++++++++++Route IPv4 info+++++++++++++++++++++++++++++
[   35.240308] cloud-init[782]: ci-info: +-------+-------------+----------+-----------------+-----------+-------+
[   35.244909] cloud-init[782]: ci-info: | Route | Destination | Gateway  |     Genmask     | Interface | Flags |
[   35.249189] cloud-init[782]: ci-info: +-------+-------------+----------+-----------------+-----------+-------+
[   35.253048] cloud-init[782]: ci-info: |   0   |   0.0.0.0   | 10.0.2.2 |     0.0.0.0     |   enp0s3  |   UG  |
[   35.258312] cloud-init[782]: ci-info: |   1   |   10.0.2.0  | 0.0.0.0  |  255.255.255.0  |   enp0s3  |   U   |
[   35.265756] cloud-init[782]: ci-info: |   2   |   10.0.2.2  | 0.0.0.0  | 255.255.255.255 |   enp0s3  |   UH  |
[   35.280761] cloud-init[782]: ci-info: +-------+-------------+----------+-----------------+-----------+-------+
[   35.284577] cloud-init[782]: ci-info: +++++++++++++++++++Route IPv6 info+++++++++++++++++++
[   35.287880] cloud-init[782]: ci-info: +-------+-------------+---------+-----------+-------+
[   35.291466] cloud-init[782]: ci-info: | Route | Destination | Gateway | Interface | Flags |
[   35.295869] cloud-init[782]: ci-info: +-------+-------------+---------+-----------+-------+
[   35.301777] cloud-init[782]: ci-info: |   1   |  fe80::/64  |    ::   |   enp0s3  |   U   |
[   35.310924] cloud-init[782]: ci-info: |   3   |    local    |    ::   |   enp0s3  |   U   |
[   35.317752] cloud-init[782]: ci-info: |   4   |   ff00::/8  |    ::   |   enp0s3  |   U   |
[   35.321064] cloud-init[782]: ci-info: +-------+-------------+---------+-----------+-------+
[   41.215177] cloud-init[782]: Generating public/private rsa key pair.
[   41.232835] cloud-init[782]: Your identification has been saved in /etc/ssh/ssh_host_rsa_key.
[   41.236835] cloud-init[782]: Your public key has been saved in /etc/ssh/ssh_host_rsa_key.pub.
[   41.239964] cloud-init[782]: The key fingerprint is:
[   41.243010] cloud-init[782]: SHA256:Jz/tDKyQaUQVf7dj5awHQ0Vv1Z7NZZqSaq9qkNU9its root@ubuntu-bionic
[   41.246537] cloud-init[782]: The key's randomart image is:
[   41.249091] cloud-init[782]: +---[RSA 2048]----+
[   41.251306] cloud-init[782]: |        o.     .=|
[   41.253708] cloud-init[782]: |       . .     .*|
[   41.255960] cloud-init[782]: |      .  .....o*B|
[   41.258317] cloud-init[782]: |     .  . ..=ooB+|
[   41.272795] cloud-init[782]: |      .oS..o o* o|
[   41.288698] cloud-init[782]: |     .oo.=+. . = |
[   41.305087] cloud-init[782]: |      =. +=.. . .|
[   41.307651] cloud-init[782]: |     . .o.E=.  . |
[   41.309891] cloud-init[782]: |       .o...o    |
[   41.312272] cloud-init[782]: +----[SHA256]-----+
[   41.315109] cloud-init[782]: Generating public/private dsa key pair.
[   41.333416] cloud-init[782]: Your identification has been saved in /etc/ssh/ssh_host_dsa_key.
[   41.352957] cloud-init[782]: Your public key has been saved in /etc/ssh/ssh_host_dsa_key.pub.
[   41.356050] cloud-init[782]: The key fingerprint is:
[   41.372450] cloud-init[782]: SHA256:eSChFUuY5V/IHsLm1+k113I9Zf6fwaVnhWO0Og+xPLk root@ubuntu-bionic
[[   41.385167] cloud-init[782]: The key's randomart image is:
[   41.385360] cloud-init[782]: +---[DSA 1024]----+
[   41.385488] cloud-init[782]: |     +*.         |
[   41.385605] cloud-init[782]: |    o* + .       |
[   41.402085] cloud-init[782]: |    . B = .   . o|
[   41.402772] cloud-init[782]: |     o = * . . *o|
[   41.406653] cloud-init[782]: |      . S + + B.B|
[   41.406760] cloud-init[782]: |       . o o O.==|
[   41.406861] cloud-init[782]: |          . O .o+|
[   41.406981] cloud-init[782]: |             * o+|
[   41.407083] cloud-init[782]: |            E ...|
[   41.407302] cloud-init[782]: +----[SHA256]-----+
[   41.407403] cloud-init[782]: Generating public/private ecdsa key pair.
[   41.407506] cloud-init[782]: Your identification has been saved in /etc/ssh/ssh_host_ecdsa_key.
[   41.407616] cloud-init[782]: Your public key has been saved in /etc/ssh/ssh_host_ecdsa_key.pub.
[   41.407718] cloud-init[782]: The key fingerprint is:
[   41.407820] cloud-init[782]: SHA256:7ThW0DLLEjmgvJuIDZovOPlQgOSIGqd55ntZG0cRJ3g root@ubuntu-bionic
[   41.407919] cloud-init[782]: The key's randomart image is:
[   41.408023] cloud-init[782]: +---[ECDSA 256]---+
[   41.408366] cloud-init[782]: | .  .  .o..      |
[   41.408505] cloud-init[782]: |*. . ...E+       |
[   41.408617] cloud-init[782]: |*.+   +.+..      |
[   41.408708] cloud-init[782]: |.* .   +.*       |
[   41.408797] cloud-init[782]: |= =   ..S o      |
[   41.408887] cloud-init[782]: |oX o  o..+       |
[   41.408986] cloud-init[782]: |B.=  o ++ .      |
[   41.413347] cloud-init[782]: |=o .o .. .       |
[   41.414974] cloud-init[782]: | ++.             |
[   41.415145] cloud-init[782]: +----[SHA256]-----+
[   41.415248] cloud-init[782]: Generating public/private ed25519 key pair.
[   41.415352] cloud-init[782]: Your identification has been saved in /etc/ssh/ssh_host_ed25519_key.
[   41.415712] cloud-init[782]: Your public key has been saved in /etc/ssh/ssh_host_ed25519_key.pub.
[   41.415822] cloud-init[782]: The key fingerprint is:
[   41.415982] cloud-init[782]: SHA256:bEwFS+3GW7XR1h5eYDE5T3n28eQmZ/ru3dS4cCEIFek root@ubuntu-bionic
[   41.416109] cloud-init[782]: The key's randomart image is:
[   41.416212] cloud-init[782]: +--[ED25519 256]--+
[   41.416345] cloud-init[782]: |        oo+o  ==o|
[   41.416465] cloud-init[782]: |       . +o  .==X|
[   41.416577] cloud-init[782]: |        ++   ..%B|
[   41.416680] cloud-init[782]: |       + .E.. o.X|
[   41.416782] cloud-init[782]: |        S..o. .* |
[   41.416942] cloud-init[782]: |       .  .  ..o.|
[   41.417061] cloud-init[782]: |            . o.o|
[   41.417174] cloud-init[782]: |             o o+|
[   41.417323] cloud-init[782]: |              .o=|
[   41.417459] cloud-init[782]: +----[SHA256]-----+
[0;32m  OK  [0m] Started Initial cloud-init job (metadata service crawler).
[[0;32m  OK  [0m] Reached target Network is Online.
[[0;32m  OK  [0m] Reached target Remote File Systems (Pre).
[[0;32m  OK  [0m] Reached target Remote File Systems.
         Starting Availability of block devices...
[[0;32m  OK  [0m] Reached target Cloud-config availability.
[[0;32m  OK  [0m] Reached target System Initialization.
[[0;32m  OK  [0m] Started ACPI Events Check.
[[0;32m  OK  [0m] Listening on UUID daemon activation socket.
[[0;32m  OK  [0m] Started Daily apt download activities.
[[0;32m  OK  [0m] Started Daily apt upgrade and clean activities.
[[0;32m  OK  [0m] Started Discard unused blocks once a week.
[[0;32m  OK  [0m] Reached target Paths.
[[0;32m  OK  [0m] Listening on D-Bus System Message Bus Socket.
[[0;32m  OK  [0m] Listening on Open-iSCSI iscsid Socket.
[[0;32m  OK  [0m] Started Message of the Day.
[[0;32m  OK  [0m] Started Daily Cleanup of Temporary Directories.
[[0;32m  OK  [0m] Reached target Timers.
         Starting Socket activation for snappy daemon.
         Starting LXD - unix socket.
[[0;32m  OK  [0m] Listening on ACPID Listen Socket.
[[0;32m  OK  [0m] Started Availability of block devices.
[[0;32m  OK  [0m] Listening on Socket activation for snappy daemon.
[[0;32m  OK  [0m] Listening on LXD - unix socket.
[[0;32m  OK  [0m] Reached target Sockets.
[[0;32m  OK  [0m] Reached target Basic System.
         Starting System Logging Service...
         Starting Virtualbox guest utils...
         Starting Pollinate to seed the pseudo random number generator...
         Starting LSB: Record successful boot for GRUB...
         Starting LSB: automatic crash report generation...
[[0;32m  OK  [0m] Started D-Bus System Message Bus.
         Starting Dispatcher daemon for systemd-networkd...
[[0;32m  OK  [0m] Started FUSE filesystem for LXC.
         Starting Snappy daemon...
[[0;32m  OK  [0m] Started irqbalance daemon.
[[0;32m  OK  [0m] Started Deferred execution scheduler.
[[0;32m  OK  [0m] Started Regular background program processing daemon.
         Starting Login Service...
         Starting Accounts Service...
         Starting Permit User Sessions...
         Starting LXD - container startup/shutdown...
[[0;32m  OK  [0m] Started System Logging Service.
[[0;32m  OK  [0m] Started Permit User Sessions.
         Starting Hold until boot process finishes up...
         Starting Terminate Plymouth Boot Screen...
[[0;32m  OK  [0m] Started Hold until boot process finishes up.
[[0;32m  OK  [0m] Started Serial Getty on ttyS0.
         Starting Set console scheme...
[[0;32m  OK  [0m] Started Terminate Plymouth Boot Screen.
[[0;32m  OK  [0m] Started Set console scheme.
[[0;32m  OK  [0m] Created slice system-getty.slice.
[[0;32m  OK  [0m] Started Getty on tty1.
[[0;32m  OK  [0m] Reached target Login Prompts.
[[0;32m  OK  [0m] Started LSB: automatic crash report generation.
[[0;32m  OK  [0m] Started Login Service.
[[0;32m  OK  [0m] Started Unattended Upgrades Shutdown.
[[0;32m  OK  [0m] Started LSB: Record successful boot for GRUB.
         Starting Authorization Manager...
[[0;32m  OK  [0m] Started Virtualbox guest utils.

Ubuntu 18.04.3 LTS ubuntu-bionic ttyS0

ubuntu-bionic login: [   66.455601] cloud-init[1487]: Cloud-init v. 19.2-36-g059d049c-0ubuntu2~18.04.1 running 'modules:config' at Mon, 14 Oct 2019 19:15:51 +0000. Up 63.64 seconds.
ci-info: no authorized ssh keys fingerprints found for user ubuntu.
<14>Oct 14 19:15:56 ec2: 
<14>Oct 14 19:15:56 ec2: #############################################################
<14>Oct 14 19:15:56 ec2: -----BEGIN SSH HOST KEY FINGERPRINTS-----
<14>Oct 14 19:15:56 ec2: 1024 SHA256:eSChFUuY5V/IHsLm1+k113I9Zf6fwaVnhWO0Og+xPLk root@ubuntu-bionic (DSA)
<14>Oct 14 19:15:56 ec2: 256 SHA256:7ThW0DLLEjmgvJuIDZovOPlQgOSIGqd55ntZG0cRJ3g root@ubuntu-bionic (ECDSA)
<14>Oct 14 19:15:56 ec2: 256 SHA256:bEwFS+3GW7XR1h5eYDE5T3n28eQmZ/ru3dS4cCEIFek root@ubuntu-bionic (ED25519)
<14>Oct 14 19:15:56 ec2: 2048 SHA256:Jz/tDKyQaUQVf7dj5awHQ0Vv1Z7NZZqSaq9qkNU9its root@ubuntu-bionic (RSA)
<14>Oct 14 19:15:56 ec2: -----END SSH HOST KEY FINGERPRINTS-----
<14>Oct 14 19:15:56 ec2: #############################################################
-----BEGIN SSH HOST KEY KEYS-----
ecdsa-sha2-nistp256 AAAAE2VjZHNhLXNoYTItbmlzdHAyNTYAAAAIbmlzdHAyNTYAAABBBK6LdUNZHs+G/XtBGnmhSo9SXhh7c3ghoKtuSLPOgOeIftKU1zPKK+R7MvUlMCpVPASw3WyegciLOR23UjX+HgU= root@ubuntu-bionic
ssh-ed25519 AAAAC3NzaC1lZDI1NTE5AAAAIHGVrELoB6sMS484RX3uWq4KwwiIMbaDawtv9natuEnH root@ubuntu-bionic
ssh-rsa AAAAB3NzaC1yc2EAAAADAQABAAABAQDa/rgoBbKyMKzFWS9MW2hhE9oyDN/Ckn19AIG69jszNyBmk9zKKqPVejnIpoVgnc7b6EB6Lsj2nV8qn3eI14IEpCTrevpHfix9Hhu79wsoWwRpSnh7PXU7wuAcL/M9UVt0jbKQx03aOd6BQIrJtX9dfm0+kw3R8oO83pW+zyKOBtdAwuL7bJGZS8ckmVTRoFcOBwagKI79J9eosj2u+aa7LGu3JaeU4nayEQbx634qqAF5i9JKS1+dlIXGlg39UcJmGcJnSUiVK4FABAFmmbXIANgiRmUFVRFYXNpMzyonTlTbB1ZfxpVKz3mP2Qq8mrp9Hz8/As9PKHFH7iTNRRcb root@ubuntu-bionic
-----END SSH HOST KEY KEYS-----
[   68.952776] cloud-init[1677]: Cloud-init v. 19.2-36-g059d049c-0ubuntu2~18.04.1 running 'modules:final' at Mon, 14 Oct 2019 19:15:56 +0000. Up 68.20 seconds.
[   68.955833] cloud-init[1677]: ci-info: no authorized ssh keys fingerprints found for user ubuntu.
[   68.955993] cloud-init[1677]: Cloud-init v. 19.2-36-g059d049c-0ubuntu2~18.04.1 finished at Mon, 14 Oct 2019 19:15:56 +0000. Datasource DataSourceNoCloud [seed=/dev/sdb][dsmode=net].  Up 68.90 seconds
